annotated-types==0.6.0
anyio==4.2.0
attrs==23.2.0
beautifulsoup4==4.12.3
certifi==2023.11.17
cffi==1.16.0
chardet==3.0.4
charset-normalizer==3.3.2
click==8.1.7
colorama==0.4.6
dirsync==2.2.5
fastapi==0.109.0
googletrans==3.0.0
gTTS==2.5.1
h11==0.9.0
h2==3.2.0
hpack==3.0.0
hstspreload==2024.1.5
httpcore==0.9.1
httpx==0.13.3
hyperframe==5.2.0
idna==2.10
mutagen==1.47.0
numpy==1.26.3
outcome==1.3.0.post0
psutil==5.9.8
pycparser==2.21
pydantic==2.5.3
pydantic_core==2.14.6
pyglet==2.0.10
PySocks==1.7.1
pytube==15.0.0
requests==2.31.0
rfc3986==1.5.0
selenium==4.17.2
Send2Trash==1.8.2
six==1.16.0
sniffio==1.3.0
sortedcontainers==2.4.0
soupsieve==2.5
starlette==0.35.1
toml==0.10.2
tqdm==4.66.1
trio==0.24.0
trio-websocket==0.11.1
typing_extensions==4.9.0
urllib3==2.1.0
uvicorn==0.27.0
wsproto==1.2.0
